2025-03-13 14:51:21,899:INFO:Fetching data for (35.59940990990991, 139.58077762978107)
2025-03-13 14:51:21,901:INFO:Fetching data for (35.59940990990991, 139.63623881489053)
2025-03-13 14:51:21,903:INFO:Fetching data for (35.59940990990991, 139.6917)
2025-03-13 14:51:21,904:INFO:Fetching data for (35.59940990990991, 139.74716118510946)
2025-03-13 14:51:21,906:INFO:Fetching data for (35.59940990990991, 139.80262237021893)
2025-03-13 14:51:21,907:INFO:Fetching data for (35.64445495495495, 139.58077762978107)
2025-03-13 14:51:21,907:INFO:Fetching data for (35.64445495495495, 139.63623881489053)
2025-03-13 14:51:21,907:INFO:Fetching data for (35.64445495495495, 139.6917)
2025-03-13 14:51:22,137:ERROR:Error fetching data for (35.59940990990991, 139.80262237021893): 429
2025-03-13 14:51:22,137:INFO:Fetching data for (35.64445495495495, 139.74716118510946)
2025-03-13 14:51:22,144:ERROR:Error fetching data for (35.64445495495495, 139.6917): 429
2025-03-13 14:51:22,144:INFO:Fetching data for (35.64445495495495, 139.80262237021893)
2025-03-13 14:51:22,145:ERROR:Error fetching data for (35.59940990990991, 139.63623881489053): 429
2025-03-13 14:51:22,146:INFO:Fetching data for (35.6895, 139.58077762978107)
2025-03-13 14:51:22,149:ERROR:Error fetching data for (35.59940990990991, 139.74716118510946): 429
2025-03-13 14:51:22,150:INFO:Fetching data for (35.6895, 139.63623881489053)
2025-03-13 14:51:22,150:ERROR:Error fetching data for (35.59940990990991, 139.58077762978107): 429
2025-03-13 14:51:22,151:INFO:Fetching data for (35.6895, 139.6917)
2025-03-13 14:51:22,162:ERROR:Error fetching data for (35.59940990990991, 139.6917): 429
2025-03-13 14:51:22,163:INFO:Fetching data for (35.6895, 139.74716118510946)
2025-03-13 14:51:22,165:ERROR:Error fetching data for (35.64445495495495, 139.58077762978107): 429
2025-03-13 14:51:22,165:INFO:Fetching data for (35.6895, 139.80262237021893)
2025-03-13 14:51:22,169:ERROR:Error fetching data for (35.64445495495495, 139.63623881489053): 429
2025-03-13 14:51:22,171:INFO:Fetching data for (35.73454504504505, 139.58077762978107)
2025-03-13 14:51:22,384:ERROR:Error fetching data for (35.64445495495495, 139.74716118510946): 429
2025-03-13 14:51:22,384:INFO:Fetching data for (35.73454504504505, 139.63623881489053)
2025-03-13 14:51:22,386:ERROR:Error fetching data for (35.64445495495495, 139.80262237021893): 429
2025-03-13 14:51:22,387:INFO:Fetching data for (35.73454504504505, 139.6917)
2025-03-13 14:51:22,390:ERROR:Error fetching data for (35.6895, 139.6917): 429
2025-03-13 14:51:22,390:INFO:Fetching data for (35.73454504504505, 139.74716118510946)
2025-03-13 14:51:22,392:ERROR:Error fetching data for (35.6895, 139.58077762978107): 429
2025-03-13 14:51:22,392:INFO:Fetching data for (35.73454504504505, 139.80262237021893)
2025-03-13 14:51:22,396:ERROR:Error fetching data for (35.73454504504505, 139.58077762978107): 429
2025-03-13 14:51:22,397:ERROR:Error fetching data for (35.6895, 139.63623881489053): 429
2025-03-13 14:51:22,402:INFO:Fetching data for (35.779590090090096, 139.63623881489053)
2025-03-13 14:51:22,398:ERROR:Error fetching data for (35.6895, 139.74716118510946): 429
2025-03-13 14:51:22,404:INFO:Fetching data for (35.779590090090096, 139.6917)
2025-03-13 14:51:22,398:ERROR:Error fetching data for (35.6895, 139.80262237021893): 429
2025-03-13 14:51:22,398:INFO:Fetching data for (35.779590090090096, 139.58077762978107)
2025-03-13 14:51:22,406:INFO:Fetching data for (35.779590090090096, 139.74716118510946)
2025-03-13 14:51:22,614:ERROR:Error fetching data for (35.73454504504505, 139.6917): 429
2025-03-13 14:51:22,615:INFO:Fetching data for (35.779590090090096, 139.80262237021893)
2025-03-13 14:51:22,624:ERROR:Error fetching data for (35.73454504504505, 139.80262237021893): 429
2025-03-13 14:51:22,628:ERROR:Error fetching data for (35.73454504504505, 139.74716118510946): 429
2025-03-13 14:51:22,629:ERROR:Error fetching data for (35.73454504504505, 139.63623881489053): 429
2025-03-13 14:51:22,638:ERROR:Error fetching data for (35.779590090090096, 139.63623881489053): 429
2025-03-13 14:51:22,640:ERROR:Error fetching data for (35.779590090090096, 139.74716118510946): 429
2025-03-13 14:51:22,641:ERROR:Error fetching data for (35.779590090090096, 139.6917): 429
2025-03-13 14:51:22,642:ERROR:Error fetching data for (35.779590090090096, 139.58077762978107): 429
2025-03-13 14:51:22,688:ERROR:Error fetching data for (35.779590090090096, 139.80262237021893): 429
2025-03-13 14:51:22,689:ERROR:Failed to retrieve Tokyo's average temperature.
2025-03-13 14:51:34,384:INFO:Fetching data for (35.59940990990991, 139.58077762978107)
2025-03-13 14:51:34,386:INFO:Fetching data for (35.59940990990991, 139.63623881489053)
2025-03-13 14:51:34,388:INFO:Fetching data for (35.59940990990991, 139.6917)
2025-03-13 14:51:34,389:INFO:Fetching data for (35.59940990990991, 139.74716118510946)
2025-03-13 14:51:34,390:INFO:Fetching data for (35.59940990990991, 139.80262237021893)
2025-03-13 14:51:34,391:INFO:Fetching data for (35.64445495495495, 139.58077762978107)
2025-03-13 14:51:34,391:INFO:Fetching data for (35.64445495495495, 139.63623881489053)
2025-03-13 14:51:34,394:INFO:Fetching data for (35.64445495495495, 139.6917)
2025-03-13 14:51:34,785:ERROR:Error fetching data for (35.59940990990991, 139.58077762978107): 429
2025-03-13 14:51:34,785:INFO:Fetching data for (35.64445495495495, 139.74716118510946)
2025-03-13 14:51:34,787:ERROR:Error fetching data for (35.64445495495495, 139.63623881489053): 429
2025-03-13 14:51:34,787:INFO:Fetching data for (35.64445495495495, 139.80262237021893)
2025-03-13 14:51:34,791:ERROR:Error fetching data for (35.59940990990991, 139.6917): 429
2025-03-13 14:51:34,791:INFO:Fetching data for (35.6895, 139.58077762978107)
2025-03-13 14:51:34,793:ERROR:Error fetching data for (35.59940990990991, 139.63623881489053): 429
2025-03-13 14:51:34,793:INFO:Fetching data for (35.6895, 139.63623881489053)
2025-03-13 14:51:34,795:ERROR:Error fetching data for (35.59940990990991, 139.74716118510946): 429
2025-03-13 14:51:34,795:INFO:Fetching data for (35.6895, 139.6917)
2025-03-13 14:51:34,798:ERROR:Error fetching data for (35.59940990990991, 139.80262237021893): 429
2025-03-13 14:51:34,799:INFO:Fetching data for (35.6895, 139.74716118510946)
2025-03-13 14:51:34,799:ERROR:Error fetching data for (35.64445495495495, 139.58077762978107): 429
2025-03-13 14:51:34,801:INFO:Fetching data for (35.6895, 139.80262237021893)
2025-03-13 14:51:34,820:ERROR:Error fetching data for (35.64445495495495, 139.6917): 429
2025-03-13 14:51:34,820:INFO:Fetching data for (35.73454504504505, 139.58077762978107)
2025-03-13 14:51:34,939:ERROR:Error fetching data for (35.6895, 139.6917): 429
2025-03-13 14:51:34,940:INFO:Fetching data for (35.73454504504505, 139.63623881489053)
2025-03-13 14:51:35,020:ERROR:Error fetching data for (35.64445495495495, 139.74716118510946): 429
2025-03-13 14:51:35,021:INFO:Fetching data for (35.73454504504505, 139.6917)
2025-03-13 14:51:35,038:ERROR:Error fetching data for (35.6895, 139.63623881489053): 429
2025-03-13 14:51:35,041:INFO:Fetching data for (35.73454504504505, 139.74716118510946)
2025-03-13 14:51:35,051:ERROR:Error fetching data for (35.6895, 139.74716118510946): 429
2025-03-13 14:51:35,057:ERROR:Error fetching data for (35.64445495495495, 139.80262237021893): 429
2025-03-13 14:51:35,058:INFO:Fetching data for (35.73454504504505, 139.80262237021893)
2025-03-13 14:51:35,061:ERROR:Error fetching data for (35.6895, 139.58077762978107): 429
2025-03-13 14:51:35,062:INFO:Fetching data for (35.779590090090096, 139.63623881489053)
2025-03-13 14:51:35,061:INFO:Fetching data for (35.779590090090096, 139.58077762978107)
2025-03-13 14:51:35,060:ERROR:Error fetching data for (35.73454504504505, 139.58077762978107): 429
2025-03-13 14:51:35,066:INFO:Fetching data for (35.779590090090096, 139.6917)
2025-03-13 14:51:35,069:ERROR:Error fetching data for (35.6895, 139.80262237021893): 429
2025-03-13 14:51:35,074:INFO:Fetching data for (35.779590090090096, 139.74716118510946)
2025-03-13 14:51:35,107:ERROR:Error fetching data for (35.73454504504505, 139.63623881489053): 429
2025-03-13 14:51:35,107:INFO:Fetching data for (35.779590090090096, 139.80262237021893)
2025-03-13 14:51:35,187:ERROR:Error fetching data for (35.73454504504505, 139.74716118510946): 429
2025-03-13 14:51:35,249:ERROR:Error fetching data for (35.73454504504505, 139.6917): 429
2025-03-13 14:51:35,277:ERROR:Error fetching data for (35.779590090090096, 139.6917): 429
2025-03-13 14:51:35,289:ERROR:Error fetching data for (35.779590090090096, 139.58077762978107): 429
2025-03-13 14:51:35,291:ERROR:Error fetching data for (35.779590090090096, 139.63623881489053): 429
2025-03-13 14:51:35,294:ERROR:Error fetching data for (35.73454504504505, 139.80262237021893): 429
2025-03-13 14:51:35,295:ERROR:Error fetching data for (35.779590090090096, 139.74716118510946): 429
2025-03-13 14:51:35,307:ERROR:Error fetching data for (35.779590090090096, 139.80262237021893): 429
2025-03-13 14:51:35,308:ERROR:Failed to retrieve Tokyo's average temperature.
2025-03-13 14:51:41,777:INFO:Fetching data for (35.59940990990991, 139.58077762978107)
2025-03-13 14:51:41,779:INFO:Fetching data for (35.59940990990991, 139.63623881489053)
2025-03-13 14:51:41,781:INFO:Fetching data for (35.59940990990991, 139.6917)
2025-03-13 14:51:41,782:INFO:Fetching data for (35.59940990990991, 139.74716118510946)
2025-03-13 14:51:41,783:INFO:Fetching data for (35.59940990990991, 139.80262237021893)
2025-03-13 14:51:41,784:INFO:Fetching data for (35.64445495495495, 139.58077762978107)
2025-03-13 14:51:41,790:INFO:Fetching data for (35.64445495495495, 139.63623881489053)
2025-03-13 14:51:41,797:INFO:Fetching data for (35.64445495495495, 139.6917)
2025-03-13 14:51:42,011:ERROR:Error fetching data for (35.59940990990991, 139.6917): 429
2025-03-13 14:51:42,012:INFO:Fetching data for (35.64445495495495, 139.74716118510946)
2025-03-13 14:51:42,016:ERROR:Error fetching data for (35.59940990990991, 139.58077762978107): 429
2025-03-13 14:51:42,019:INFO:Fetching data for (35.64445495495495, 139.80262237021893)
2025-03-13 14:51:42,024:ERROR:Error fetching data for (35.59940990990991, 139.74716118510946): 429
2025-03-13 14:51:42,025:INFO:Fetching data for (35.6895, 139.58077762978107)
2025-03-13 14:51:42,032:ERROR:Error fetching data for (35.64445495495495, 139.63623881489053): 429
2025-03-13 14:51:42,035:INFO:Fetching data for (35.6895, 139.63623881489053)
2025-03-13 14:51:42,042:ERROR:Error fetching data for (35.64445495495495, 139.58077762978107): 429
2025-03-13 14:51:42,047:INFO:Fetching data for (35.6895, 139.6917)
2025-03-13 14:51:42,055:ERROR:Error fetching data for (35.59940990990991, 139.63623881489053): 429
2025-03-13 14:51:42,056:INFO:Fetching data for (35.6895, 139.74716118510946)
2025-03-13 14:51:42,064:ERROR:Error fetching data for (35.64445495495495, 139.6917): 429
2025-03-13 14:51:42,066:ERROR:Error fetching data for (35.59940990990991, 139.80262237021893): 429
2025-03-13 14:51:42,067:INFO:Fetching data for (35.6895, 139.80262237021893)
2025-03-13 14:51:42,068:INFO:Fetching data for (35.73454504504505, 139.58077762978107)
2025-03-13 14:51:42,157:ERROR:Error fetching data for (35.64445495495495, 139.74716118510946): 429
2025-03-13 14:51:42,157:INFO:Fetching data for (35.73454504504505, 139.63623881489053)
2025-03-13 14:51:42,169:ERROR:Error fetching data for (35.6895, 139.58077762978107): 429
2025-03-13 14:51:42,170:INFO:Fetching data for (35.73454504504505, 139.6917)
2025-03-13 14:51:42,278:ERROR:Error fetching data for (35.64445495495495, 139.80262237021893): 429
2025-03-13 14:51:42,280:INFO:Fetching data for (35.73454504504505, 139.74716118510946)
2025-03-13 14:51:42,292:ERROR:Error fetching data for (35.6895, 139.63623881489053): 429
2025-03-13 14:51:42,293:INFO:Fetching data for (35.73454504504505, 139.80262237021893)
2025-03-13 14:51:42,312:ERROR:Error fetching data for (35.6895, 139.6917): 429
2025-03-13 14:51:42,312:INFO:Fetching data for (35.779590090090096, 139.58077762978107)
2025-03-13 14:51:42,354:ERROR:Error fetching data for (35.6895, 139.74716118510946): 429
2025-03-13 14:51:42,355:INFO:Fetching data for (35.779590090090096, 139.63623881489053)
2025-03-13 14:51:42,360:ERROR:Error fetching data for (35.6895, 139.80262237021893): 429
2025-03-13 14:51:42,361:INFO:Fetching data for (35.779590090090096, 139.6917)
2025-03-13 14:51:42,358:ERROR:Error fetching data for (35.73454504504505, 139.58077762978107): 429
2025-03-13 14:51:42,362:INFO:Fetching data for (35.779590090090096, 139.74716118510946)
2025-03-13 14:51:42,384:ERROR:Error fetching data for (35.73454504504505, 139.6917): 429
2025-03-13 14:51:42,384:INFO:Fetching data for (35.779590090090096, 139.80262237021893)
2025-03-13 14:51:42,404:ERROR:Error fetching data for (35.73454504504505, 139.63623881489053): 429
2025-03-13 14:51:42,435:ERROR:Error fetching data for (35.73454504504505, 139.74716118510946): 429
2025-03-13 14:51:42,505:ERROR:Error fetching data for (35.73454504504505, 139.80262237021893): 429
2025-03-13 14:51:42,539:ERROR:Error fetching data for (35.779590090090096, 139.74716118510946): 429
2025-03-13 14:51:42,541:ERROR:Error fetching data for (35.779590090090096, 139.6917): 429
2025-03-13 14:51:42,545:ERROR:Error fetching data for (35.779590090090096, 139.58077762978107): 429
2025-03-13 14:51:42,550:ERROR:Error fetching data for (35.779590090090096, 139.63623881489053): 429
2025-03-13 14:51:42,562:ERROR:Error fetching data for (35.779590090090096, 139.80262237021893): 429
2025-03-13 14:51:42,563:ERROR:Failed to retrieve Tokyo's average temperature.
2025-03-13 15:05:38,920:INFO:Fetching data for (35.59940990990991, 139.58077762978107)
2025-03-13 15:05:38,923:INFO:Fetching data for (35.59940990990991, 139.63623881489053)
2025-03-13 15:05:38,924:INFO:Fetching data for (35.59940990990991, 139.6917)
2025-03-13 15:05:38,925:INFO:Fetching data for (35.59940990990991, 139.74716118510946)
2025-03-13 15:05:38,925:INFO:Fetching data for (35.59940990990991, 139.80262237021893)
2025-03-13 15:05:38,930:INFO:Fetching data for (35.64445495495495, 139.58077762978107)
2025-03-13 15:05:38,931:INFO:Fetching data for (35.64445495495495, 139.63623881489053)
2025-03-13 15:05:38,931:INFO:Fetching data for (35.64445495495495, 139.6917)
2025-03-13 15:05:42,706:INFO:Data fetched successfully for (35.64445495495495, 139.58077762978107): 14.0375
2025-03-13 15:05:42,707:INFO:Fetching data for (35.64445495495495, 139.74716118510946)
2025-03-13 15:05:42,880:INFO:Data fetched successfully for (35.59940990990991, 139.6917): 15.771666666666668
2025-03-13 15:05:42,880:INFO:Fetching data for (35.64445495495495, 139.80262237021893)
2025-03-13 15:05:42,962:INFO:Data fetched successfully for (35.59940990990991, 139.74716118510946): 15.771666666666668
2025-03-13 15:05:42,962:INFO:Fetching data for (35.6895, 139.58077762978107)
2025-03-13 15:05:43,177:INFO:Data fetched successfully for (35.59940990990991, 139.80262237021893): 15.771666666666668
2025-03-13 15:05:43,177:INFO:Fetching data for (35.6895, 139.63623881489053)
2025-03-13 15:05:43,184:INFO:Data fetched successfully for (35.64445495495495, 139.63623881489053): 14.0375
2025-03-13 15:05:43,184:INFO:Fetching data for (35.6895, 139.6917)
2025-03-13 15:05:43,831:INFO:Data fetched successfully for (35.64445495495495, 139.6917): 15.771666666666668
2025-03-13 15:05:43,831:INFO:Fetching data for (35.6895, 139.74716118510946)
2025-03-13 15:05:46,113:INFO:Data fetched successfully for (35.64445495495495, 139.74716118510946): 15.771666666666668
2025-03-13 15:05:46,113:INFO:Fetching data for (35.6895, 139.80262237021893)
2025-03-13 15:05:46,513:INFO:Data fetched successfully for (35.64445495495495, 139.80262237021893): 15.771666666666668
2025-03-13 15:05:46,514:INFO:Fetching data for (35.73454504504505, 139.58077762978107)
2025-03-13 15:05:46,517:INFO:Data fetched successfully for (35.6895, 139.58077762978107): 14.0375
2025-03-13 15:05:46,518:INFO:Fetching data for (35.73454504504505, 139.63623881489053)
2025-03-13 15:05:46,592:INFO:Data fetched successfully for (35.6895, 139.63623881489053): 14.0375
2025-03-13 15:05:46,592:INFO:Fetching data for (35.73454504504505, 139.6917)
2025-03-13 15:05:46,894:INFO:Data fetched successfully for (35.6895, 139.6917): 15.771666666666668
2025-03-13 15:05:46,894:INFO:Fetching data for (35.73454504504505, 139.74716118510946)
2025-03-13 15:05:49,299:INFO:Data fetched successfully for (35.59940990990991, 139.58077762978107): 14.0375
2025-03-13 15:05:49,299:INFO:Fetching data for (35.73454504504505, 139.80262237021893)
2025-03-13 15:05:49,487:INFO:Data fetched successfully for (35.6895, 139.74716118510946): 15.771666666666668
2025-03-13 15:05:49,487:INFO:Fetching data for (35.779590090090096, 139.58077762978107)
2025-03-13 15:05:49,623:INFO:Data fetched successfully for (35.6895, 139.80262237021893): 15.771666666666668
2025-03-13 15:05:49,623:INFO:Fetching data for (35.779590090090096, 139.63623881489053)
2025-03-13 15:05:49,630:INFO:Data fetched successfully for (35.59940990990991, 139.63623881489053): 14.0375
2025-03-13 15:05:49,630:INFO:Fetching data for (35.779590090090096, 139.6917)
2025-03-13 15:05:49,898:INFO:Data fetched successfully for (35.73454504504505, 139.58077762978107): 14.0375
2025-03-13 15:05:49,898:INFO:Fetching data for (35.779590090090096, 139.74716118510946)
2025-03-13 15:05:50,070:INFO:Data fetched successfully for (35.73454504504505, 139.63623881489053): 14.0375
2025-03-13 15:05:50,070:INFO:Fetching data for (35.779590090090096, 139.80262237021893)
2025-03-13 15:05:50,385:INFO:Data fetched successfully for (35.73454504504505, 139.6917): 15.771666666666668
2025-03-13 15:05:50,459:INFO:Data fetched successfully for (35.73454504504505, 139.74716118510946): 15.771666666666668
2025-03-13 15:05:52,973:INFO:Data fetched successfully for (35.779590090090096, 139.6917): 15.019166666666669
2025-03-13 15:05:53,106:INFO:Data fetched successfully for (35.779590090090096, 139.58077762978107): 13.450833333333335
2025-03-13 15:05:53,273:INFO:Data fetched successfully for (35.779590090090096, 139.74716118510946): 15.019166666666669
2025-03-13 15:05:53,294:INFO:Data fetched successfully for (35.779590090090096, 139.63623881489053): 13.450833333333335
2025-03-13 15:05:53,602:INFO:Data fetched successfully for (35.779590090090096, 139.80262237021893): 15.019166666666669
2025-03-13 15:05:54,406:INFO:Data fetched successfully for (35.73454504504505, 139.80262237021893): 15.771666666666668
2025-03-13 15:05:54,407:INFO:Tokyo's average temperature in 2010: 14.94°C
